# JRE version: OpenJDK Runtime Environment Temurin-21.0.8+9 (21.0.8+9) (build 21.0.8+9-LTS)
# Java VM: OpenJDK 64-Bit Server VM Temurin-21.0.8+9 (21.0.8+9-LTS, mixed mode, sharing, tiered, compressed oops, compressed class ptrs, parallel gc, windows-amd64)
GC Precious Log:
 CardTable entry size: 512
 CPUs: 4 total, 4 available
 Memory: 8068M
 Large Page Support: Disabled
 NUMA Support: Disabled
 Compressed Oops: Enabled (32-bit)
 Alignments: Space 512K, Generation 512K, Heap 2M
 Heap Min Capacity: 100M
 Heap Initial Capacity: 100M
 Heap Max Capacity: 2G
 Pre-touch: Disabled
 Parallel Workers: 4
Heap:
 PSYoungGen      total 5632K, used 5115K [0x00000000d5580000, 0x00000000d5d00000, 0x0000000100000000)
  eden space 4096K, 99% used [0x00000000d5580000,0x00000000d597a7c0,0x00000000d5980000)
  from space 1536K, 67% used [0x00000000d5b80000,0x00000000d5c84808,0x00000000d5d00000)
  to   space 1536K, 25% used [0x00000000d5a00000,0x00000000d5a61eb0,0x00000000d5b80000)
 ParOldGen       total 723456K, used 723451K [0x0000000080000000, 0x00000000ac280000, 0x00000000d5580000)
  object space 723456K, 99% used [0x0000000080000000,0x00000000ac27ef18,0x00000000ac280000)
 Metaspace       used 70856K, committed 72448K, reserved 1114112K
  class space    used 7553K, committed 8256K, reserved 1048576K
GC Heap History (20 events):
Event: 43.286 GC heap after
{Heap after GC invocations=949 (full 3):
 PSYoungGen      total 6144K, used 1330K [0x00000000d5580000, 0x00000000d6000000, 0x0000000100000000)
  eden space 4608K, 0% used [0x00000000d5580000,0x00000000d5580000,0x00000000d5a00000)
  from space 1536K, 86% used [0x00000000d5e80000,0x00000000d5fcc808,0x00000000d6000000)
  to   space 1536K, 0% used [0x00000000d5d00000,0x00000000d5d00000,0x00000000d5e80000)
 ParOldGen       total 712704K, used 712362K [0x0000000080000000, 0x00000000ab800000, 0x00000000d5580000)
  object space 712704K, 99% used [0x0000000080000000,0x00000000ab7aa8d8,0x00000000ab800000)
 Metaspace       used 70488K, committed 72128K, reserved 1114112K
  class space    used 7515K, committed 8256K, reserved 1048576K
}
Event: 43.309 GC heap before
{Heap before GC invocations=950 (full 3):
 PSYoungGen      total 6144K, used 5938K [0x00000000d5580000, 0x00000000d6000000, 0x0000000100000000)
  eden space 4608K, 100% used [0x00000000d5580000,0x00000000d5a00000,0x00000000d5a00000)
  from space 1536K, 86% used [0x00000000d5e80000,0x00000000d5fcc808,0x00000000d6000000)
  to   space 1536K, 0% used [0x00000000d5d00000,0x00000000d5d00000,0x00000000d5e80000)
 ParOldGen       total 712704K, used 712362K [0x0000000080000000, 0x00000000ab800000, 0x00000000d5580000)
  object space 712704K, 99% used [0x0000000080000000,0x00000000ab7aa8d8,0x00000000ab800000)
 Metaspace       used 70489K, committed 72128K, reserved 1114112K
  class space    used 7515K, committed 8256K, reserved 1048576K
}
Event: 43.313 GC heap after
{Heap after GC invocations=950 (full 3):
 PSYoungGen      total 6144K, used 1511K [0x00000000d5580000, 0x00000000d6100000, 0x0000000100000000)
  eden space 4608K, 0% used [0x00000000d5580000,0x00000000d5580000,0x00000000d5a00000)
  from space 1536K, 98% used [0x00000000d5d00000,0x00000000d5e79f10,0x00000000d5e80000)
  to   space 2560K, 0% used [0x00000000d5e80000,0x00000000d5e80000,0x00000000d6100000)
 ParOldGen       total 713728K, used 713700K [0x0000000080000000, 0x00000000ab900000, 0x00000000d5580000)
  object space 713728K, 99% used [0x0000000080000000,0x00000000ab8f9308,0x00000000ab900000)
 Metaspace       used 70489K, committed 72128K, reserved 1114112K
  class space    used 7515K, committed 8256K, reserved 1048576K
}
Event: 43.336 GC heap before
{Heap before GC invocations=951 (full 3):
 PSYoungGen      total 6144K, used 6119K [0x00000000d5580000, 0x00000000d6100000, 0x0000000100000000)
  eden space 4608K, 100% used [0x00000000d5580000,0x00000000d5a00000,0x00000000d5a00000)
  from space 1536K, 98% used [0x00000000d5d00000,0x00000000d5e79f10,0x00000000d5e80000)
  to   space 2560K, 0% used [0x00000000d5e80000,0x00000000d5e80000,0x00000000d6100000)
 ParOldGen       total 713728K, used 713700K [0x0000000080000000, 0x00000000ab900000, 0x00000000d5580000)
  object space 713728K, 99% used [0x0000000080000000,0x00000000ab8f9308,0x00000000ab900000)
 Metaspace       used 70489K, committed 72128K, reserved 1114112K
  class space    used 7515K, committed 8256K, reserved 1048576K
}
Event: 43.339 GC heap after
{Heap after GC invocations=951 (full 3):
 PSYoungGen      total 6144K, used 1426K [0x00000000d5580000, 0x00000000d6000000, 0x0000000100000000)
  eden space 4608K, 0% used [0x00000000d5580000,0x00000000d5580000,0x00000000d5a00000)
  from space 1536K, 92% used [0x00000000d5e80000,0x00000000d5fe4808,0x00000000d6000000)
  to   space 2048K, 0% used [0x00000000d5c00000,0x00000000d5c00000,0x00000000d5e00000)
 ParOldGen       total 715264K, used 714854K [0x0000000080000000, 0x00000000aba80000, 0x00000000d5580000)
  object space 715264K, 99% used [0x0000000080000000,0x00000000aba19a68,0x00000000aba80000)
 Metaspace       used 70489K, committed 72128K, reserved 1114112K
  class space    used 7515K, committed 8256K, reserved 1048576K
}
Event: 43.363 GC heap before
{Heap before GC invocations=952 (full 3):
 PSYoungGen      total 6144K, used 5952K [0x00000000d5580000, 0x00000000d6000000, 0x0000000100000000)
  eden space 4608K, 98% used [0x00000000d5580000,0x00000000d59eba68,0x00000000d5a00000)
  from space 1536K, 92% used [0x00000000d5e80000,0x00000000d5fe4808,0x00000000d6000000)
  to   space 2048K, 0% used [0x00000000d5c00000,0x00000000d5c00000,0x00000000d5e00000)
 ParOldGen       total 715264K, used 714854K [0x0000000080000000, 0x00000000aba80000, 0x00000000d5580000)
  object space 715264K, 99% used [0x0000000080000000,0x00000000aba19a68,0x00000000aba80000)
 Metaspace       used 70489K, committed 72128K, reserved 1114112K
  class space    used 7515K, committed 8256K, reserved 1048576K
}
Event: 43.369 GC heap after
{Heap after GC invocations=952 (full 3):
 PSYoungGen      total 6144K, used 1426K [0x00000000d5580000, 0x00000000d5f00000, 0x0000000100000000)
  eden space 4608K, 0% used [0x00000000d5580000,0x00000000d5580000,0x00000000d5a00000)
  from space 1536K, 92% used [0x00000000d5c00000,0x00000000d5d64808,0x00000000d5d80000)
  to   space 1536K, 0% used [0x00000000d5d80000,0x00000000d5d80000,0x00000000d5f00000)
 ParOldGen       total 716288K, used 716236K [0x0000000080000000, 0x00000000abb80000, 0x00000000d5580000)
  object space 716288K, 99% used [0x0000000080000000,0x00000000abb732c0,0x00000000abb80000)
 Metaspace       used 70489K, committed 72128K, reserved 1114112K
  class space    used 7515K, committed 8256K, reserved 1048576K
}
Event: 43.401 GC heap before
{Heap before GC invocations=953 (full 3):
 PSYoungGen      total 6144K, used 6034K [0x00000000d5580000, 0x00000000d5f00000, 0x0000000100000000)
  eden space 4608K, 100% used [0x00000000d5580000,0x00000000d5a00000,0x00000000d5a00000)
  from space 1536K, 92% used [0x00000000d5c00000,0x00000000d5d64808,0x00000000d5d80000)
  to   space 1536K, 0% used [0x00000000d5d80000,0x00000000d5d80000,0x00000000d5f00000)
 ParOldGen       total 716288K, used 716236K [0x0000000080000000, 0x00000000abb80000, 0x00000000d5580000)
  object space 716288K, 99% used [0x0000000080000000,0x00000000abb732c0,0x00000000abb80000)
 Metaspace       used 70489K, committed 72128K, reserved 1114112K
  class space    used 7515K, committed 8256K, reserved 1048576K
}
Event: 43.406 GC heap after
{Heap after GC invocations=953 (full 3):
 PSYoungGen      total 5632K, used 1523K [0x00000000d5580000, 0x00000000d6200000, 0x0000000100000000)
  eden space 4096K, 0% used [0x00000000d5580000,0x00000000d5580000,0x00000000d5980000)
  from space 1536K, 99% used [0x00000000d5d80000,0x00000000d5efcde0,0x00000000d5f00000)
  to   space 4096K, 0% used [0x00000000d5980000,0x00000000d5980000,0x00000000d5d80000)
 ParOldGen       total 718848K, used 718402K [0x0000000080000000, 0x00000000abe00000, 0x00000000d5580000)
  object space 718848K, 99% used [0x0000000080000000,0x00000000abd90a30,0x00000000abe00000)
 Metaspace       used 70489K, committed 72128K, reserved 1114112K
  class space    used 7515K, committed 8256K, reserved 1048576K
}
Event: 43.421 GC heap before
{Heap before GC invocations=954 (full 3):
 PSYoungGen      total 5632K, used 5619K [0x00000000d5580000, 0x00000000d6200000, 0x0000000100000000)
  eden space 4096K, 100% used [0x00000000d5580000,0x00000000d5980000,0x00000000d5980000)
  from space 1536K, 99% used [0x00000000d5d80000,0x00000000d5efcde0,0x00000000d5f00000)
  to   space 4096K, 0% used [0x00000000d5980000,0x00000000d5980000,0x00000000d5d80000)
 ParOldGen       total 718848K, used 718402K [0x0000000080000000, 0x00000000abe00000, 0x00000000d5580000)
  object space 718848K, 99% used [0x0000000080000000,0x00000000abd90a30,0x00000000abe00000)
 Metaspace       used 70489K, committed 72128K, reserved 1114112K
  class space    used 7515K, committed 8256K, reserved 1048576K
}
Event: 43.424 GC heap after
{Heap after GC invocations=954 (full 3):
 PSYoungGen      total 5632K, used 1494K [0x00000000d5580000, 0x00000000d5e80000, 0x0000000100000000)
  eden space 4096K, 0% used [0x00000000d5580000,0x00000000d5580000,0x00000000d5980000)
  from space 1536K, 97% used [0x00000000d5980000,0x00000000d5af5810,0x00000000d5b00000)
  to   space 2560K, 0% used [0x00000000d5c00000,0x00000000d5c00000,0x00000000d5e80000)
 ParOldGen       total 719872K, used 719390K [0x0000000080000000, 0x00000000abf00000, 0x00000000d5580000)
  object space 719872K, 99% used [0x0000000080000000,0x00000000abe87a18,0x00000000abf00000)
 Metaspace       used 70489K, committed 72128K, reserved 1114112K
  class space    used 7515K, committed 8256K, reserved 1048576K
}
Event: 43.449 GC heap before
{Heap before GC invocations=955 (full 3):
 PSYoungGen      total 5632K, used 5590K [0x00000000d5580000, 0x00000000d5e80000, 0x0000000100000000)
  eden space 4096K, 100% used [0x00000000d5580000,0x00000000d5980000,0x00000000d5980000)
  from space 1536K, 97% used [0x00000000d5980000,0x00000000d5af5810,0x00000000d5b00000)
  to   space 2560K, 0% used [0x00000000d5c00000,0x00000000d5c00000,0x00000000d5e80000)
 ParOldGen       total 719872K, used 719390K [0x0000000080000000, 0x00000000abf00000, 0x00000000d5580000)
  object space 719872K, 99% used [0x0000000080000000,0x00000000abe87a18,0x00000000abf00000)
 Metaspace       used 70489K, committed 72128K, reserved 1114112K
  class space    used 7515K, committed 8256K, reserved 1048576K
}
Event: 43.452 GC heap after
{Heap after GC invocations=955 (full 3):
 PSYoungGen      total 5632K, used 1453K [0x00000000d5580000, 0x00000000d5d80000, 0x0000000100000000)
  eden space 4096K, 0% used [0x00000000d5580000,0x00000000d5580000,0x00000000d5980000)
  from space 1536K, 94% used [0x00000000d5c00000,0x00000000d5d6b690,0x00000000d5d80000)
  to   space 2048K, 0% used [0x00000000d5980000,0x00000000d5980000,0x00000000d5b80000)
 ParOldGen       total 720896K, used 720757K [0x0000000080000000, 0x00000000ac000000, 0x00000000d5580000)
  object space 720896K, 99% used [0x0000000080000000,0x00000000abfdd7b0,0x00000000ac000000)
 Metaspace       used 70489K, committed 72128K, reserved 1114112K
  class space    used 7515K, committed 8256K, reserved 1048576K
}
Event: 43.472 GC heap before
{Heap before GC invocations=956 (full 3):
 PSYoungGen      total 5632K, used 5549K [0x00000000d5580000, 0x00000000d5d80000, 0x0000000100000000)
  eden space 4096K, 100% used [0x00000000d5580000,0x00000000d5980000,0x00000000d5980000)
  from space 1536K, 94% used [0x00000000d5c00000,0x00000000d5d6b690,0x00000000d5d80000)
  to   space 2048K, 0% used [0x00000000d5980000,0x00000000d5980000,0x00000000d5b80000)
 ParOldGen       total 720896K, used 720757K [0x0000000080000000, 0x00000000ac000000, 0x00000000d5580000)
  object space 720896K, 99% used [0x0000000080000000,0x00000000abfdd7b0,0x00000000ac000000)
 Metaspace       used 70489K, committed 72128K, reserved 1114112K
  class space    used 7515K, committed 8256K, reserved 1048576K
}
Event: 43.475 GC heap after
{Heap after GC invocations=956 (full 3):
 PSYoungGen      total 6144K, used 1801K [0x00000000d5580000, 0x00000000d5d80000, 0x0000000100000000)
  eden space 4096K, 0% used [0x00000000d5580000,0x00000000d5580000,0x00000000d5980000)
  from space 2048K, 87% used [0x00000000d5980000,0x00000000d5b42400,0x00000000d5b80000)
  to   space 2048K, 0% used [0x00000000d5b80000,0x00000000d5b80000,0x00000000d5d80000)
 ParOldGen       total 721920K, used 721635K [0x0000000080000000, 0x00000000ac100000, 0x00000000d5580000)
  object space 721920K, 99% used [0x0000000080000000,0x00000000ac0b8d20,0x00000000ac100000)
 Metaspace       used 70489K, committed 72128K, reserved 1114112K
  class space    used 7515K, committed 8256K, reserved 1048576K
}
Event: 43.517 GC heap before
{Heap before GC invocations=957 (full 3):
 PSYoungGen      total 6144K, used 5892K [0x00000000d5580000, 0x00000000d5d80000, 0x0000000100000000)
  eden space 4096K, 99% used [0x00000000d5580000,0x00000000d597eeb0,0x00000000d5980000)
  from space 2048K, 87% used [0x00000000d5980000,0x00000000d5b42400,0x00000000d5b80000)
  to   space 2048K, 0% used [0x00000000d5b80000,0x00000000d5b80000,0x00000000d5d80000)
 ParOldGen       total 721920K, used 721635K [0x0000000080000000, 0x00000000ac100000, 0x00000000d5580000)
  object space 721920K, 99% used [0x0000000080000000,0x00000000ac0b8d20,0x00000000ac100000)
 Metaspace       used 70572K, committed 72192K, reserved 1114112K
  class space    used 7526K, committed 8256K, reserved 1048576K
}
Event: 43.524 GC heap after
{Heap after GC invocations=957 (full 3):
 PSYoungGen      total 5632K, used 1042K [0x00000000d5580000, 0x00000000d5d00000, 0x0000000100000000)
  eden space 4096K, 0% used [0x00000000d5580000,0x00000000d5580000,0x00000000d5980000)
  from space 1536K, 67% used [0x00000000d5b80000,0x00000000d5c84808,0x00000000d5d00000)
  to   space 1536K, 0% used [0x00000000d5a00000,0x00000000d5a00000,0x00000000d5b80000)
 ParOldGen       total 723456K, used 723355K [0x0000000080000000, 0x00000000ac280000, 0x00000000d5580000)
  object space 723456K, 99% used [0x0000000080000000,0x00000000ac266f18,0x00000000ac280000)
 Metaspace       used 70572K, committed 72192K, reserved 1114112K
  class space    used 7526K, committed 8256K, reserved 1048576K
}
Event: 43.566 GC heap before
{Heap before GC invocations=958 (full 3):
 PSYoungGen      total 5632K, used 5115K [0x00000000d5580000, 0x00000000d5d00000, 0x0000000100000000)
  eden space 4096K, 99% used [0x00000000d5580000,0x00000000d597a7c0,0x00000000d5980000)
  from space 1536K, 67% used [0x00000000d5b80000,0x00000000d5c84808,0x00000000d5d00000)
  to   space 1536K, 0% used [0x00000000d5a00000,0x00000000d5a00000,0x00000000d5b80000)
 ParOldGen       total 723456K, used 723355K [0x0000000080000000, 0x00000000ac280000, 0x00000000d5580000)
  object space 723456K, 99% used [0x0000000080000000,0x00000000ac266f18,0x00000000ac280000)
 Metaspace       used 70856K, committed 72448K, reserved 1114112K
  class space    used 7553K, committed 8256K, reserved 1048576K
}
Event: 43.572 GC heap after
{Heap after GC invocations=958 (full 3):
 PSYoungGen      total 5632K, used 5115K [0x00000000d5580000, 0x00000000d5d00000, 0x0000000100000000)
  eden space 4096K, 99% used [0x00000000d5580000,0x00000000d597a7c0,0x00000000d5980000)
  from space 1536K, 67% used [0x00000000d5b80000,0x00000000d5c84808,0x00000000d5d00000)
  to   space 1536K, 25% used [0x00000000d5a00000,0x00000000d5a61eb0,0x00000000d5b80000)
 ParOldGen       total 723456K, used 723451K [0x0000000080000000, 0x00000000ac280000, 0x00000000d5580000)
  object space 723456K, 99% used [0x0000000080000000,0x00000000ac27ef18,0x00000000ac280000)
 Metaspace       used 70856K, committed 72448K, reserved 1114112K
  class space    used 7553K, committed 8256K, reserved 1048576K
}
Event: 43.572 GC heap before
{Heap before GC invocations=959 (full 4):
 PSYoungGen      total 5632K, used 5115K [0x00000000d5580000, 0x00000000d5d00000, 0x0000000100000000)
  eden space 4096K, 99% used [0x00000000d5580000,0x00000000d597a7c0,0x00000000d5980000)
  from space 1536K, 67% used [0x00000000d5b80000,0x00000000d5c84808,0x00000000d5d00000)
  to   space 1536K, 25% used [0x00000000d5a00000,0x00000000d5a61eb0,0x00000000d5b80000)
 ParOldGen       total 723456K, used 723451K [0x0000000080000000, 0x00000000ac280000, 0x00000000d5580000)
  object space 723456K, 99% used [0x0000000080000000,0x00000000ac27ef18,0x00000000ac280000)
 Metaspace       used 70856K, committed 72448K, reserved 1114112K
  class space    used 7553K, committed 8256K, reserved 1048576K
}

