# JRE version: Java(TM) SE Runtime Environment (17.0.12+8) (build 17.0.12+8-LTS-286)
# Java VM: Java HotSpot(TM) 64-Bit Server VM (17.0.12+8-LTS-286, mixed mode, sharing, tiered, compressed oops, compressed class ptrs, g1 gc, windows-amd64)
GC Precious Log:
 CPUs: 4 total, 4 available
 Memory: 8068M
 Large Page Support: Disabled
 NUMA Support: Disabled
 Compressed Oops: Enabled (32-bit)
 Heap Region Size: 1M
 Heap Min Capacity: 8M
 Heap Initial Capacity: 128M
 Heap Max Capacity: 2018M
 Pre-touch: Disabled
 Parallel Workers: 4
 Concurrent Workers: 1
 Concurrent Refinement Workers: 4
 Periodic GC: Disabled
Heap:
 garbage-first heap   total 96256K, used 46621K [0x0000000081e00000, 0x0000000100000000)
  region size 1024K, 8 young (8192K), 2 survivors (2048K)
 Metaspace       used 61286K, committed 61952K, reserved 1114112K
  class space    used 8244K, committed 8576K, reserved 1048576K
GC Heap History (20 events):
Event: 3.757 GC heap before
{Heap before GC invocations=3 (full 0):
 garbage-first heap   total 131072K, used 42061K [0x0000000081e00000, 0x0000000100000000)
  region size 1024K, 32 young (32768K), 3 survivors (3072K)
 Metaspace       used 16955K, committed 17344K, reserved 1114112K
  class space    used 2115K, committed 2304K, reserved 1048576K
}
Event: 3.764 GC heap after
{Heap after GC invocations=4 (full 0):
 garbage-first heap   total 131072K, used 14603K [0x0000000081e00000, 0x0000000100000000)
  region size 1024K, 3 young (3072K), 3 survivors (3072K)
 Metaspace       used 16955K, committed 17344K, reserved 1114112K
  class space    used 2115K, committed 2304K, reserved 1048576K
}
Event: 4.230 GC heap before
{Heap before GC invocations=4 (full 0):
 garbage-first heap   total 131072K, used 32011K [0x0000000081e00000, 0x0000000100000000)
  region size 1024K, 22 young (22528K), 3 survivors (3072K)
 Metaspace       used 21128K, committed 21504K, reserved 1114112K
  class space    used 2661K, committed 2880K, reserved 1048576K
}
Event: 4.235 GC heap after
{Heap after GC invocations=5 (full 0):
 garbage-first heap   total 131072K, used 15714K [0x0000000081e00000, 0x0000000100000000)
  region size 1024K, 4 young (4096K), 4 survivors (4096K)
 Metaspace       used 21128K, committed 21504K, reserved 1114112K
  class space    used 2661K, committed 2880K, reserved 1048576K
}
Event: 5.642 GC heap before
{Heap before GC invocations=6 (full 0):
 garbage-first heap   total 65536K, used 49506K [0x0000000081e00000, 0x0000000100000000)
  region size 1024K, 38 young (38912K), 4 survivors (4096K)
 Metaspace       used 25480K, committed 25856K, reserved 1114112K
  class space    used 3146K, committed 3328K, reserved 1048576K
}
Event: 5.653 GC heap after
{Heap after GC invocations=7 (full 0):
 garbage-first heap   total 65536K, used 19440K [0x0000000081e00000, 0x0000000100000000)
  region size 1024K, 5 young (5120K), 5 survivors (5120K)
 Metaspace       used 25480K, committed 25856K, reserved 1114112K
  class space    used 3146K, committed 3328K, reserved 1048576K
}
Event: 5.687 GC heap before
{Heap before GC invocations=7 (full 0):
 garbage-first heap   total 65536K, used 20464K [0x0000000081e00000, 0x0000000100000000)
  region size 1024K, 6 young (6144K), 5 survivors (5120K)
 Metaspace       used 25492K, committed 25856K, reserved 1114112K
  class space    used 3147K, committed 3328K, reserved 1048576K
}
Event: 5.700 GC heap after
{Heap after GC invocations=8 (full 0):
 garbage-first heap   total 65536K, used 20351K [0x0000000081e00000, 0x0000000100000000)
  region size 1024K, 1 young (1024K), 1 survivors (1024K)
 Metaspace       used 25492K, committed 25856K, reserved 1114112K
  class space    used 3147K, committed 3328K, reserved 1048576K
}
Event: 6.902 GC heap before
{Heap before GC invocations=8 (full 0):
 garbage-first heap   total 65536K, used 45951K [0x0000000081e00000, 0x0000000100000000)
  region size 1024K, 26 young (26624K), 1 survivors (1024K)
 Metaspace       used 28123K, committed 28544K, reserved 1114112K
  class space    used 3516K, committed 3712K, reserved 1048576K
}
Event: 6.911 GC heap after
{Heap after GC invocations=9 (full 0):
 garbage-first heap   total 121856K, used 21623K [0x0000000081e00000, 0x0000000100000000)
  region size 1024K, 3 young (3072K), 3 survivors (3072K)
 Metaspace       used 28123K, committed 28544K, reserved 1114112K
  class space    used 3516K, committed 3712K, reserved 1048576K
}
Event: 9.238 GC heap before
{Heap before GC invocations=9 (full 0):
 garbage-first heap   total 121856K, used 82039K [0x0000000081e00000, 0x0000000100000000)
  region size 1024K, 62 young (63488K), 3 survivors (3072K)
 Metaspace       used 35695K, committed 36160K, reserved 1114112K
  class space    used 4531K, committed 4800K, reserved 1048576K
}
Event: 9.248 GC heap after
{Heap after GC invocations=10 (full 0):
 garbage-first heap   total 121856K, used 25790K [0x0000000081e00000, 0x0000000100000000)
  region size 1024K, 7 young (7168K), 7 survivors (7168K)
 Metaspace       used 35695K, committed 36160K, reserved 1114112K
  class space    used 4531K, committed 4800K, reserved 1048576K
}
Event: 10.971 GC heap before
{Heap before GC invocations=11 (full 0):
 garbage-first heap   total 96256K, used 74942K [0x0000000081e00000, 0x0000000100000000)
  region size 1024K, 56 young (57344K), 7 survivors (7168K)
 Metaspace       used 42738K, committed 43328K, reserved 1114112K
  class space    used 5560K, committed 5824K, reserved 1048576K
}
Event: 10.994 GC heap after
{Heap after GC invocations=12 (full 0):
 garbage-first heap   total 96256K, used 32078K [0x0000000081e00000, 0x0000000100000000)
  region size 1024K, 7 young (7168K), 7 survivors (7168K)
 Metaspace       used 42738K, committed 43328K, reserved 1114112K
  class space    used 5560K, committed 5824K, reserved 1048576K
}
Event: 14.028 GC heap before
{Heap before GC invocations=12 (full 0):
 garbage-first heap   total 96256K, used 69966K [0x0000000081e00000, 0x0000000100000000)
  region size 1024K, 44 young (45056K), 7 survivors (7168K)
 Metaspace       used 48948K, committed 49536K, reserved 1114112K
  class space    used 6537K, committed 6848K, reserved 1048576K
}
Event: 14.039 GC heap after
{Heap after GC invocations=13 (full 0):
 garbage-first heap   total 96256K, used 36550K [0x0000000081e00000, 0x0000000100000000)
  region size 1024K, 5 young (5120K), 5 survivors (5120K)
 Metaspace       used 48948K, committed 49536K, reserved 1114112K
  class space    used 6537K, committed 6848K, reserved 1048576K
}
Event: 16.988 GC heap before
{Heap before GC invocations=13 (full 0):
 garbage-first heap   total 96256K, used 72390K [0x0000000081e00000, 0x0000000100000000)
  region size 1024K, 40 young (40960K), 5 survivors (5120K)
 Metaspace       used 54912K, committed 55552K, reserved 1114112K
  class space    used 7372K, committed 7680K, reserved 1048576K
}
Event: 17.001 GC heap after
{Heap after GC invocations=14 (full 0):
 garbage-first heap   total 96256K, used 39895K [0x0000000081e00000, 0x0000000100000000)
  region size 1024K, 4 young (4096K), 4 survivors (4096K)
 Metaspace       used 54912K, committed 55552K, reserved 1114112K
  class space    used 7372K, committed 7680K, reserved 1048576K
}
Event: 366.793 GC heap before
{Heap before GC invocations=14 (full 0):
 garbage-first heap   total 96256K, used 67543K [0x0000000081e00000, 0x0000000100000000)
  region size 1024K, 33 young (33792K), 4 survivors (4096K)
 Metaspace       used 59975K, committed 60608K, reserved 1114112K
  class space    used 8062K, committed 8384K, reserved 1048576K
}
Event: 366.801 GC heap after
{Heap after GC invocations=15 (full 0):
 garbage-first heap   total 96256K, used 41501K [0x0000000081e00000, 0x0000000100000000)
  region size 1024K, 2 young (2048K), 2 survivors (2048K)
 Metaspace       used 59975K, committed 60608K, reserved 1114112K
  class space    used 8062K, committed 8384K, reserved 1048576K
}

