# JRE version: OpenJDK Runtime Environment Temurin-21.0.8+9 (21.0.8+9) (build 21.0.8+9-LTS)
# Java VM: OpenJDK 64-Bit Server VM Temurin-21.0.8+9 (21.0.8+9-LTS, mixed mode, sharing, tiered, compressed oops, compressed class ptrs, parallel gc, windows-amd64)
GC Precious Log:
 CardTable entry size: 512
 CPUs: 4 total, 4 available
 Memory: 8068M
 Large Page Support: Disabled
 NUMA Support: Disabled
 Compressed Oops: Enabled (32-bit)
 Alignments: Space 512K, Generation 512K, Heap 2M
 Heap Min Capacity: 100M
 Heap Initial Capacity: 100M
 Heap Max Capacity: 2G
 Pre-touch: Disabled
 Parallel Workers: 4
Heap:
 PSYoungGen      total 16384K, used 4497K [0x00000000d5580000, 0x00000000d6800000, 0x0000000100000000)
  eden space 15872K, 25% used [0x00000000d5580000,0x00000000d59675f8,0x00000000d6500000)
  from space 512K, 97% used [0x00000000d6680000,0x00000000d66fd200,0x00000000d6700000)
  to   space 1536K, 0% used [0x00000000d6500000,0x00000000d6500000,0x00000000d6680000)
 ParOldGen       total 204288K, used 204230K [0x0000000080000000, 0x000000008c780000, 0x00000000d5580000)
  object space 204288K, 99% used [0x0000000080000000,0x000000008c771800,0x000000008c780000)
 Metaspace       used 75994K, committed 77632K, reserved 1179648K
  class space    used 8174K, committed 8896K, reserved 1048576K
GC Heap History (20 events):
Event: 133.917 GC heap before
{Heap before GC invocations=152 (full 3):
 PSYoungGen      total 19456K, used 19324K [0x00000000d5580000, 0x00000000d6980000, 0x0000000100000000)
  eden space 18432K, 100% used [0x00000000d5580000,0x00000000d6780000,0x00000000d6780000)
  from space 1024K, 87% used [0x00000000d6880000,0x00000000d695f260,0x00000000d6980000)
  to   space 1024K, 0% used [0x00000000d6780000,0x00000000d6780000,0x00000000d6880000)
 ParOldGen       total 197632K, used 197631K [0x0000000080000000, 0x000000008c100000, 0x00000000d5580000)
  object space 197632K, 99% used [0x0000000080000000,0x000000008c0ffc90,0x000000008c100000)
 Metaspace       used 67997K, committed 69504K, reserved 1114112K
  class space    used 7235K, committed 7872K, reserved 1048576K
}
Event: 133.919 GC heap after
{Heap after GC invocations=152 (full 3):
 PSYoungGen      total 19456K, used 267K [0x00000000d5580000, 0x00000000d6900000, 0x0000000100000000)
  eden space 18432K, 0% used [0x00000000d5580000,0x00000000d5580000,0x00000000d6780000)
  from space 1024K, 26% used [0x00000000d6780000,0x00000000d67c2fb0,0x00000000d6880000)
  to   space 512K, 0% used [0x00000000d6880000,0x00000000d6880000,0x00000000d6900000)
 ParOldGen       total 198656K, used 198429K [0x0000000080000000, 0x000000008c200000, 0x00000000d5580000)
  object space 198656K, 99% used [0x0000000080000000,0x000000008c1c7648,0x000000008c200000)
 Metaspace       used 67997K, committed 69504K, reserved 1114112K
  class space    used 7235K, committed 7872K, reserved 1048576K
}
Event: 134.064 GC heap before
{Heap before GC invocations=153 (full 3):
 PSYoungGen      total 19456K, used 18699K [0x00000000d5580000, 0x00000000d6900000, 0x0000000100000000)
  eden space 18432K, 100% used [0x00000000d5580000,0x00000000d6780000,0x00000000d6780000)
  from space 1024K, 26% used [0x00000000d6780000,0x00000000d67c2fb0,0x00000000d6880000)
  to   space 512K, 0% used [0x00000000d6880000,0x00000000d6880000,0x00000000d6900000)
 ParOldGen       total 198656K, used 198429K [0x0000000080000000, 0x000000008c200000, 0x00000000d5580000)
  object space 198656K, 99% used [0x0000000080000000,0x000000008c1c7648,0x000000008c200000)
 Metaspace       used 68134K, committed 69632K, reserved 1114112K
  class space    used 7249K, committed 7872K, reserved 1048576K
}
Event: 134.067 GC heap after
{Heap after GC invocations=153 (full 3):
 PSYoungGen      total 16384K, used 512K [0x00000000d5580000, 0x00000000d6e80000, 0x0000000100000000)
  eden space 15872K, 0% used [0x00000000d5580000,0x00000000d5580000,0x00000000d6500000)
  from space 512K, 100% used [0x00000000d6880000,0x00000000d6900000,0x00000000d6900000)
  to   space 3584K, 0% used [0x00000000d6500000,0x00000000d6500000,0x00000000d6880000)
 ParOldGen       total 201216K, used 200892K [0x0000000080000000, 0x000000008c480000, 0x00000000d5580000)
  object space 201216K, 99% used [0x0000000080000000,0x000000008c42f3f0,0x000000008c480000)
 Metaspace       used 68134K, committed 69632K, reserved 1114112K
  class space    used 7249K, committed 7872K, reserved 1048576K
}
Event: 134.174 GC heap before
{Heap before GC invocations=154 (full 3):
 PSYoungGen      total 16384K, used 16241K [0x00000000d5580000, 0x00000000d6e80000, 0x0000000100000000)
  eden space 15872K, 99% used [0x00000000d5580000,0x00000000d64dc550,0x00000000d6500000)
  from space 512K, 100% used [0x00000000d6880000,0x00000000d6900000,0x00000000d6900000)
  to   space 3584K, 0% used [0x00000000d6500000,0x00000000d6500000,0x00000000d6880000)
 ParOldGen       total 201216K, used 200892K [0x0000000080000000, 0x000000008c480000, 0x00000000d5580000)
  object space 201216K, 99% used [0x0000000080000000,0x000000008c42f3f0,0x000000008c480000)
 Metaspace       used 68226K, committed 69696K, reserved 1114112K
  class space    used 7251K, committed 7872K, reserved 1048576K
}
Event: 134.178 GC heap after
{Heap after GC invocations=154 (full 3):
 PSYoungGen      total 17408K, used 1422K [0x00000000d5580000, 0x00000000d6900000, 0x0000000100000000)
  eden space 15872K, 0% used [0x00000000d5580000,0x00000000d5580000,0x00000000d6500000)
  from space 1536K, 92% used [0x00000000d6500000,0x00000000d6663ae0,0x00000000d6680000)
  to   space 2048K, 0% used [0x00000000d6700000,0x00000000d6700000,0x00000000d6900000)
 ParOldGen       total 201728K, used 201415K [0x0000000080000000, 0x000000008c500000, 0x00000000d5580000)
  object space 201728K, 99% used [0x0000000080000000,0x000000008c4b1d90,0x000000008c500000)
 Metaspace       used 68226K, committed 69696K, reserved 1114112K
  class space    used 7251K, committed 7872K, reserved 1048576K
}
Event: 134.233 GC heap before
{Heap before GC invocations=155 (full 3):
 PSYoungGen      total 17408K, used 17294K [0x00000000d5580000, 0x00000000d6900000, 0x0000000100000000)
  eden space 15872K, 100% used [0x00000000d5580000,0x00000000d6500000,0x00000000d6500000)
  from space 1536K, 92% used [0x00000000d6500000,0x00000000d6663ae0,0x00000000d6680000)
  to   space 2048K, 0% used [0x00000000d6700000,0x00000000d6700000,0x00000000d6900000)
 ParOldGen       total 201728K, used 201415K [0x0000000080000000, 0x000000008c500000, 0x00000000d5580000)
  object space 201728K, 99% used [0x0000000080000000,0x000000008c4b1d90,0x000000008c500000)
 Metaspace       used 68243K, committed 69824K, reserved 1114112K
  class space    used 7251K, committed 7872K, reserved 1048576K
}
Event: 134.234 GC heap after
{Heap after GC invocations=155 (full 3):
 PSYoungGen      total 16896K, used 534K [0x00000000d5580000, 0x00000000d6800000, 0x0000000100000000)
  eden space 15872K, 0% used [0x00000000d5580000,0x00000000d5580000,0x00000000d6500000)
  from space 1024K, 52% used [0x00000000d6700000,0x00000000d6785870,0x00000000d6800000)
  to   space 1024K, 0% used [0x00000000d6600000,0x00000000d6600000,0x00000000d6700000)
 ParOldGen       total 201728K, used 201696K [0x0000000080000000, 0x000000008c500000, 0x00000000d5580000)
  object space 201728K, 99% used [0x0000000080000000,0x000000008c4f83d0,0x000000008c500000)
 Metaspace       used 68243K, committed 69824K, reserved 1114112K
  class space    used 7251K, committed 7872K, reserved 1048576K
}
Event: 134.383 GC heap before
{Heap before GC invocations=156 (full 3):
 PSYoungGen      total 16896K, used 16406K [0x00000000d5580000, 0x00000000d6800000, 0x0000000100000000)
  eden space 15872K, 100% used [0x00000000d5580000,0x00000000d6500000,0x00000000d6500000)
  from space 1024K, 52% used [0x00000000d6700000,0x00000000d6785870,0x00000000d6800000)
  to   space 1024K, 0% used [0x00000000d6600000,0x00000000d6600000,0x00000000d6700000)
 ParOldGen       total 201728K, used 201696K [0x0000000080000000, 0x000000008c500000, 0x00000000d5580000)
  object space 201728K, 99% used [0x0000000080000000,0x000000008c4f83d0,0x000000008c500000)
 Metaspace       used 69965K, committed 71552K, reserved 1114112K
  class space    used 7402K, committed 8064K, reserved 1048576K
}
Event: 134.386 GC heap after
{Heap after GC invocations=156 (full 3):
 PSYoungGen      total 16896K, used 1008K [0x00000000d5580000, 0x00000000d6800000, 0x0000000100000000)
  eden space 15872K, 0% used [0x00000000d5580000,0x00000000d5580000,0x00000000d6500000)
  from space 1024K, 98% used [0x00000000d6600000,0x00000000d66fc040,0x00000000d6700000)
  to   space 1024K, 0% used [0x00000000d6700000,0x00000000d6700000,0x00000000d6800000)
 ParOldGen       total 202240K, used 201906K [0x0000000080000000, 0x000000008c580000, 0x00000000d5580000)
  object space 202240K, 99% used [0x0000000080000000,0x000000008c52ca68,0x000000008c580000)
 Metaspace       used 69965K, committed 71552K, reserved 1114112K
  class space    used 7402K, committed 8064K, reserved 1048576K
}
Event: 134.690 GC heap before
{Heap before GC invocations=157 (full 3):
 PSYoungGen      total 16896K, used 16880K [0x00000000d5580000, 0x00000000d6800000, 0x0000000100000000)
  eden space 15872K, 100% used [0x00000000d5580000,0x00000000d6500000,0x00000000d6500000)
  from space 1024K, 98% used [0x00000000d6600000,0x00000000d66fc040,0x00000000d6700000)
  to   space 1024K, 0% used [0x00000000d6700000,0x00000000d6700000,0x00000000d6800000)
 ParOldGen       total 202240K, used 201906K [0x0000000080000000, 0x000000008c580000, 0x00000000d5580000)
  object space 202240K, 99% used [0x0000000080000000,0x000000008c52ca68,0x000000008c580000)
 Metaspace       used 71353K, committed 72960K, reserved 1114112K
  class space    used 7534K, committed 8192K, reserved 1048576K
}
Event: 134.693 GC heap after
{Heap after GC invocations=157 (full 3):
 PSYoungGen      total 16896K, used 1016K [0x00000000d5580000, 0x00000000d6900000, 0x0000000100000000)
  eden space 15872K, 0% used [0x00000000d5580000,0x00000000d5580000,0x00000000d6500000)
  from space 1024K, 99% used [0x00000000d6700000,0x00000000d67fe1a8,0x00000000d6800000)
  to   space 2048K, 0% used [0x00000000d6500000,0x00000000d6500000,0x00000000d6700000)
 ParOldGen       total 202752K, used 202459K [0x0000000080000000, 0x000000008c600000, 0x00000000d5580000)
  object space 202752K, 99% used [0x0000000080000000,0x000000008c5b6f68,0x000000008c600000)
 Metaspace       used 71353K, committed 72960K, reserved 1114112K
  class space    used 7534K, committed 8192K, reserved 1048576K
}
Event: 141.971 GC heap before
{Heap before GC invocations=158 (full 3):
 PSYoungGen      total 16896K, used 16888K [0x00000000d5580000, 0x00000000d6900000, 0x0000000100000000)
  eden space 15872K, 100% used [0x00000000d5580000,0x00000000d6500000,0x00000000d6500000)
  from space 1024K, 99% used [0x00000000d6700000,0x00000000d67fe1a8,0x00000000d6800000)
  to   space 2048K, 0% used [0x00000000d6500000,0x00000000d6500000,0x00000000d6700000)
 ParOldGen       total 202752K, used 202459K [0x0000000080000000, 0x000000008c600000, 0x00000000d5580000)
  object space 202752K, 99% used [0x0000000080000000,0x000000008c5b6f68,0x000000008c600000)
 Metaspace       used 72444K, committed 74048K, reserved 1179648K
  class space    used 7673K, committed 8384K, reserved 1048576K
}
Event: 141.973 GC heap after
{Heap after GC invocations=158 (full 3):
 PSYoungGen      total 16384K, used 512K [0x00000000d5580000, 0x00000000d6780000, 0x0000000100000000)
  eden space 15872K, 0% used [0x00000000d5580000,0x00000000d5580000,0x00000000d6500000)
  from space 512K, 100% used [0x00000000d6500000,0x00000000d6580000,0x00000000d6580000)
  to   space 1024K, 0% used [0x00000000d6680000,0x00000000d6680000,0x00000000d6780000)
 ParOldGen       total 203264K, used 203254K [0x0000000080000000, 0x000000008c680000, 0x00000000d5580000)
  object space 203264K, 99% used [0x0000000080000000,0x000000008c67dbd8,0x000000008c680000)
 Metaspace       used 72444K, committed 74048K, reserved 1179648K
  class space    used 7673K, committed 8384K, reserved 1048576K
}
Event: 142.077 GC heap before
{Heap before GC invocations=159 (full 3):
 PSYoungGen      total 16384K, used 16384K [0x00000000d5580000, 0x00000000d6780000, 0x0000000100000000)
  eden space 15872K, 100% used [0x00000000d5580000,0x00000000d6500000,0x00000000d6500000)
  from space 512K, 100% used [0x00000000d6500000,0x00000000d6580000,0x00000000d6580000)
  to   space 1024K, 0% used [0x00000000d6680000,0x00000000d6680000,0x00000000d6780000)
 ParOldGen       total 203264K, used 203254K [0x0000000080000000, 0x000000008c680000, 0x00000000d5580000)
  object space 203264K, 99% used [0x0000000080000000,0x000000008c67dbd8,0x000000008c680000)
 Metaspace       used 72480K, committed 74112K, reserved 1179648K
  class space    used 7678K, committed 8384K, reserved 1048576K
}
Event: 142.079 GC heap after
{Heap after GC invocations=159 (full 3):
 PSYoungGen      total 16384K, used 240K [0x00000000d5580000, 0x00000000d6700000, 0x0000000100000000)
  eden space 15872K, 0% used [0x00000000d5580000,0x00000000d5580000,0x00000000d6500000)
  from space 512K, 46% used [0x00000000d6680000,0x00000000d66bc010,0x00000000d6700000)
  to   space 512K, 0% used [0x00000000d6500000,0x00000000d6500000,0x00000000d6580000)
 ParOldGen       total 203776K, used 203630K [0x0000000080000000, 0x000000008c700000, 0x00000000d5580000)
  object space 203776K, 99% used [0x0000000080000000,0x000000008c6dbbd8,0x000000008c700000)
 Metaspace       used 72480K, committed 74112K, reserved 1179648K
  class space    used 7678K, committed 8384K, reserved 1048576K
}
Event: 142.553 GC heap before
{Heap before GC invocations=160 (full 3):
 PSYoungGen      total 16384K, used 16112K [0x00000000d5580000, 0x00000000d6700000, 0x0000000100000000)
  eden space 15872K, 100% used [0x00000000d5580000,0x00000000d6500000,0x00000000d6500000)
  from space 512K, 46% used [0x00000000d6680000,0x00000000d66bc010,0x00000000d6700000)
  to   space 512K, 0% used [0x00000000d6500000,0x00000000d6500000,0x00000000d6580000)
 ParOldGen       total 203776K, used 203630K [0x0000000080000000, 0x000000008c700000, 0x00000000d5580000)
  object space 203776K, 99% used [0x0000000080000000,0x000000008c6dbbd8,0x000000008c700000)
 Metaspace       used 74200K, committed 75776K, reserved 1179648K
  class space    used 7887K, committed 8576K, reserved 1048576K
}
Event: 142.554 GC heap after
{Heap after GC invocations=160 (full 3):
 PSYoungGen      total 16384K, used 433K [0x00000000d5580000, 0x00000000d6700000, 0x0000000100000000)
  eden space 15872K, 0% used [0x00000000d5580000,0x00000000d5580000,0x00000000d6500000)
  from space 512K, 84% used [0x00000000d6500000,0x00000000d656c5f0,0x00000000d6580000)
  to   space 512K, 0% used [0x00000000d6680000,0x00000000d6680000,0x00000000d6700000)
 ParOldGen       total 203776K, used 203678K [0x0000000080000000, 0x000000008c700000, 0x00000000d5580000)
  object space 203776K, 99% used [0x0000000080000000,0x000000008c6e7be8,0x000000008c700000)
 Metaspace       used 74200K, committed 75776K, reserved 1179648K
  class space    used 7887K, committed 8576K, reserved 1048576K
}
Event: 153.792 GC heap before
{Heap before GC invocations=161 (full 3):
 PSYoungGen      total 16384K, used 16305K [0x00000000d5580000, 0x00000000d6700000, 0x0000000100000000)
  eden space 15872K, 100% used [0x00000000d5580000,0x00000000d6500000,0x00000000d6500000)
  from space 512K, 84% used [0x00000000d6500000,0x00000000d656c5f0,0x00000000d6580000)
  to   space 512K, 0% used [0x00000000d6680000,0x00000000d6680000,0x00000000d6700000)
 ParOldGen       total 203776K, used 203678K [0x0000000080000000, 0x000000008c700000, 0x00000000d5580000)
  object space 203776K, 99% used [0x0000000080000000,0x000000008c6e7be8,0x000000008c700000)
 Metaspace       used 75701K, committed 77376K, reserved 1179648K
  class space    used 8145K, committed 8896K, reserved 1048576K
}
Event: 153.797 GC heap after
{Heap after GC invocations=161 (full 3):
 PSYoungGen      total 16384K, used 500K [0x00000000d5580000, 0x00000000d6800000, 0x0000000100000000)
  eden space 15872K, 0% used [0x00000000d5580000,0x00000000d5580000,0x00000000d6500000)
  from space 512K, 97% used [0x00000000d6680000,0x00000000d66fd200,0x00000000d6700000)
  to   space 1536K, 0% used [0x00000000d6500000,0x00000000d6500000,0x00000000d6680000)
 ParOldGen       total 204288K, used 204230K [0x0000000080000000, 0x000000008c780000, 0x00000000d5580000)
  object space 204288K, 99% used [0x0000000080000000,0x000000008c771800,0x000000008c780000)
 Metaspace       used 75701K, committed 77376K, reserved 1179648K
  class space    used 8145K, committed 8896K, reserved 1048576K
}

