# JRE version: OpenJDK Runtime Environment Temurin-21.0.8+9 (21.0.8+9) (build 21.0.8+9-LTS)
# Java VM: OpenJDK 64-Bit Server VM Temurin-21.0.8+9 (21.0.8+9-LTS, mixed mode, sharing, tiered, compressed oops, compressed class ptrs, parallel gc, windows-amd64)
GC Precious Log:
 CardTable entry size: 512
 CPUs: 4 total, 4 available
 Memory: 8068M
 Large Page Support: Disabled
 NUMA Support: Disabled
 Compressed Oops: Enabled (32-bit)
 Alignments: Space 512K, Generation 512K, Heap 2M
 Heap Min Capacity: 100M
 Heap Initial Capacity: 100M
 Heap Max Capacity: 2G
 Pre-touch: Disabled
 Parallel Workers: 4
Heap:
 PSYoungGen      total 14336K, used 13569K [0x00000000d5580000, 0x00000000d6600000, 0x0000000100000000)
  eden space 13824K, 94% used [0x00000000d5580000,0x00000000d6248320,0x00000000d6300000)
  from space 512K, 93% used [0x00000000d6500000,0x00000000d6578180,0x00000000d6580000)
  to   space 512K, 0% used [0x00000000d6580000,0x00000000d6580000,0x00000000d6600000)
 ParOldGen       total 68608K, used 49021K [0x0000000080000000, 0x0000000084300000, 0x00000000d5580000)
  object space 68608K, 71% used [0x0000000080000000,0x0000000082fdf628,0x0000000084300000)
 Metaspace       used 54770K, committed 56128K, reserved 1114112K
  class space    used 5926K, committed 6528K, reserved 1048576K
GC Heap History (20 events):
Event: 30.613 GC heap before
{Heap before GC invocations=26 (full 2):
 PSYoungGen      total 17408K, used 15697K [0x00000000d5580000, 0x00000000d6a80000, 0x0000000100000000)
  eden space 13824K, 100% used [0x00000000d5580000,0x00000000d6300000,0x00000000d6300000)
  from space 3584K, 52% used [0x00000000d6380000,0x00000000d6554470,0x00000000d6700000)
  to   space 2560K, 0% used [0x00000000d6800000,0x00000000d6800000,0x00000000d6a80000)
 ParOldGen       total 68608K, used 36656K [0x0000000080000000, 0x0000000084300000, 0x00000000d5580000)
  object space 68608K, 53% used [0x0000000080000000,0x00000000823cc260,0x0000000084300000)
 Metaspace       used 48899K, committed 50240K, reserved 1114112K
  class space    used 5327K, committed 5952K, reserved 1048576K
}
Event: 30.620 GC heap after
{Heap after GC invocations=26 (full 2):
 PSYoungGen      total 15872K, used 1858K [0x00000000d5580000, 0x00000000d6a00000, 0x0000000100000000)
  eden space 13824K, 0% used [0x00000000d5580000,0x00000000d5580000,0x00000000d6300000)
  from space 2048K, 90% used [0x00000000d6800000,0x00000000d69d0810,0x00000000d6a00000)
  to   space 2048K, 0% used [0x00000000d6600000,0x00000000d6600000,0x00000000d6800000)
 ParOldGen       total 68608K, used 38403K [0x0000000080000000, 0x0000000084300000, 0x00000000d5580000)
  object space 68608K, 55% used [0x0000000080000000,0x0000000082580fb8,0x0000000084300000)
 Metaspace       used 48899K, committed 50240K, reserved 1114112K
  class space    used 5327K, committed 5952K, reserved 1048576K
}
Event: 30.752 GC heap before
{Heap before GC invocations=27 (full 2):
 PSYoungGen      total 15872K, used 15682K [0x00000000d5580000, 0x00000000d6a00000, 0x0000000100000000)
  eden space 13824K, 100% used [0x00000000d5580000,0x00000000d6300000,0x00000000d6300000)
  from space 2048K, 90% used [0x00000000d6800000,0x00000000d69d0810,0x00000000d6a00000)
  to   space 2048K, 0% used [0x00000000d6600000,0x00000000d6600000,0x00000000d6800000)
 ParOldGen       total 68608K, used 38403K [0x0000000080000000, 0x0000000084300000, 0x00000000d5580000)
  object space 68608K, 55% used [0x0000000080000000,0x0000000082580fb8,0x0000000084300000)
 Metaspace       used 48917K, committed 50304K, reserved 1114112K
  class space    used 5327K, committed 5952K, reserved 1048576K
}
Event: 30.757 GC heap after
{Heap after GC invocations=27 (full 2):
 PSYoungGen      total 15872K, used 1604K [0x00000000d5580000, 0x00000000d6880000, 0x0000000100000000)
  eden space 13824K, 0% used [0x00000000d5580000,0x00000000d5580000,0x00000000d6300000)
  from space 2048K, 78% used [0x00000000d6600000,0x00000000d6791000,0x00000000d6800000)
  to   space 512K, 0% used [0x00000000d6800000,0x00000000d6800000,0x00000000d6880000)
 ParOldGen       total 68608K, used 40128K [0x0000000080000000, 0x0000000084300000, 0x00000000d5580000)
  object space 68608K, 58% used [0x0000000080000000,0x0000000082730328,0x0000000084300000)
 Metaspace       used 48917K, committed 50304K, reserved 1114112K
  class space    used 5327K, committed 5952K, reserved 1048576K
}
Event: 30.801 GC heap before
{Heap before GC invocations=28 (full 2):
 PSYoungGen      total 15872K, used 15428K [0x00000000d5580000, 0x00000000d6880000, 0x0000000100000000)
  eden space 13824K, 100% used [0x00000000d5580000,0x00000000d6300000,0x00000000d6300000)
  from space 2048K, 78% used [0x00000000d6600000,0x00000000d6791000,0x00000000d6800000)
  to   space 512K, 0% used [0x00000000d6800000,0x00000000d6800000,0x00000000d6880000)
 ParOldGen       total 68608K, used 40128K [0x0000000080000000, 0x0000000084300000, 0x00000000d5580000)
  object space 68608K, 58% used [0x0000000080000000,0x0000000082730328,0x0000000084300000)
 Metaspace       used 48928K, committed 50304K, reserved 1114112K
  class space    used 5328K, committed 5952K, reserved 1048576K
}
Event: 30.806 GC heap after
{Heap after GC invocations=28 (full 2):
 PSYoungGen      total 14336K, used 512K [0x00000000d5580000, 0x00000000d6900000, 0x0000000100000000)
  eden space 13824K, 0% used [0x00000000d5580000,0x00000000d5580000,0x00000000d6300000)
  from space 512K, 100% used [0x00000000d6800000,0x00000000d6880000,0x00000000d6880000)
  to   space 3072K, 0% used [0x00000000d6300000,0x00000000d6300000,0x00000000d6600000)
 ParOldGen       total 68608K, used 42462K [0x0000000080000000, 0x0000000084300000, 0x00000000d5580000)
  object space 68608K, 61% used [0x0000000080000000,0x0000000082977950,0x0000000084300000)
 Metaspace       used 48928K, committed 50304K, reserved 1114112K
  class space    used 5328K, committed 5952K, reserved 1048576K
}
Event: 30.923 GC heap before
{Heap before GC invocations=29 (full 2):
 PSYoungGen      total 14336K, used 14336K [0x00000000d5580000, 0x00000000d6900000, 0x0000000100000000)
  eden space 13824K, 100% used [0x00000000d5580000,0x00000000d6300000,0x00000000d6300000)
  from space 512K, 100% used [0x00000000d6800000,0x00000000d6880000,0x00000000d6880000)
  to   space 3072K, 0% used [0x00000000d6300000,0x00000000d6300000,0x00000000d6600000)
 ParOldGen       total 68608K, used 42462K [0x0000000080000000, 0x0000000084300000, 0x00000000d5580000)
  object space 68608K, 61% used [0x0000000080000000,0x0000000082977950,0x0000000084300000)
 Metaspace       used 48958K, committed 50368K, reserved 1114112K
  class space    used 5328K, committed 5952K, reserved 1048576K
}
Event: 30.926 GC heap after
{Heap after GC invocations=29 (full 2):
 PSYoungGen      total 16896K, used 1472K [0x00000000d5580000, 0x00000000d6880000, 0x0000000100000000)
  eden space 13824K, 0% used [0x00000000d5580000,0x00000000d5580000,0x00000000d6300000)
  from space 3072K, 47% used [0x00000000d6300000,0x00000000d6470000,0x00000000d6600000)
  to   space 2048K, 0% used [0x00000000d6680000,0x00000000d6680000,0x00000000d6880000)
 ParOldGen       total 68608K, used 42990K [0x0000000080000000, 0x0000000084300000, 0x00000000d5580000)
  object space 68608K, 62% used [0x0000000080000000,0x00000000829fb950,0x0000000084300000)
 Metaspace       used 48958K, committed 50368K, reserved 1114112K
  class space    used 5328K, committed 5952K, reserved 1048576K
}
Event: 31.008 GC heap before
{Heap before GC invocations=30 (full 2):
 PSYoungGen      total 16896K, used 15296K [0x00000000d5580000, 0x00000000d6880000, 0x0000000100000000)
  eden space 13824K, 100% used [0x00000000d5580000,0x00000000d6300000,0x00000000d6300000)
  from space 3072K, 47% used [0x00000000d6300000,0x00000000d6470000,0x00000000d6600000)
  to   space 2048K, 0% used [0x00000000d6680000,0x00000000d6680000,0x00000000d6880000)
 ParOldGen       total 68608K, used 42990K [0x0000000080000000, 0x0000000084300000, 0x00000000d5580000)
  object space 68608K, 62% used [0x0000000080000000,0x00000000829fb950,0x0000000084300000)
 Metaspace       used 49006K, committed 50368K, reserved 1114112K
  class space    used 5328K, committed 5952K, reserved 1048576K
}
Event: 31.013 GC heap after
{Heap after GC invocations=30 (full 2):
 PSYoungGen      total 15872K, used 1664K [0x00000000d5580000, 0x00000000d6880000, 0x0000000100000000)
  eden space 13824K, 0% used [0x00000000d5580000,0x00000000d5580000,0x00000000d6300000)
  from space 2048K, 81% used [0x00000000d6680000,0x00000000d6820010,0x00000000d6880000)
  to   space 2048K, 0% used [0x00000000d6480000,0x00000000d6480000,0x00000000d6680000)
 ParOldGen       total 68608K, used 44414K [0x0000000080000000, 0x0000000084300000, 0x00000000d5580000)
  object space 68608K, 64% used [0x0000000080000000,0x0000000082b5f950,0x0000000084300000)
 Metaspace       used 49006K, committed 50368K, reserved 1114112K
  class space    used 5328K, committed 5952K, reserved 1048576K
}
Event: 31.118 GC heap before
{Heap before GC invocations=31 (full 2):
 PSYoungGen      total 15872K, used 15488K [0x00000000d5580000, 0x00000000d6880000, 0x0000000100000000)
  eden space 13824K, 100% used [0x00000000d5580000,0x00000000d6300000,0x00000000d6300000)
  from space 2048K, 81% used [0x00000000d6680000,0x00000000d6820010,0x00000000d6880000)
  to   space 2048K, 0% used [0x00000000d6480000,0x00000000d6480000,0x00000000d6680000)
 ParOldGen       total 68608K, used 44414K [0x0000000080000000, 0x0000000084300000, 0x00000000d5580000)
  object space 68608K, 64% used [0x0000000080000000,0x0000000082b5f950,0x0000000084300000)
 Metaspace       used 49091K, committed 50432K, reserved 1114112K
  class space    used 5330K, committed 5952K, reserved 1048576K
}
Event: 31.121 GC heap after
{Heap after GC invocations=31 (full 2):
 PSYoungGen      total 15360K, used 1368K [0x00000000d5580000, 0x00000000d6700000, 0x0000000100000000)
  eden space 13824K, 0% used [0x00000000d5580000,0x00000000d5580000,0x00000000d6300000)
  from space 1536K, 89% used [0x00000000d6480000,0x00000000d65d6200,0x00000000d6600000)
  to   space 1024K, 0% used [0x00000000d6600000,0x00000000d6600000,0x00000000d6700000)
 ParOldGen       total 68608K, used 46046K [0x0000000080000000, 0x0000000084300000, 0x00000000d5580000)
  object space 68608K, 67% used [0x0000000080000000,0x0000000082cf7960,0x0000000084300000)
 Metaspace       used 49091K, committed 50432K, reserved 1114112K
  class space    used 5330K, committed 5952K, reserved 1048576K
}
Event: 31.403 GC heap before
{Heap before GC invocations=32 (full 2):
 PSYoungGen      total 15360K, used 15192K [0x00000000d5580000, 0x00000000d6700000, 0x0000000100000000)
  eden space 13824K, 100% used [0x00000000d5580000,0x00000000d6300000,0x00000000d6300000)
  from space 1536K, 89% used [0x00000000d6480000,0x00000000d65d6200,0x00000000d6600000)
  to   space 1024K, 0% used [0x00000000d6600000,0x00000000d6600000,0x00000000d6700000)
 ParOldGen       total 68608K, used 46046K [0x0000000080000000, 0x0000000084300000, 0x00000000d5580000)
  object space 68608K, 67% used [0x0000000080000000,0x0000000082cf7960,0x0000000084300000)
 Metaspace       used 50018K, committed 51392K, reserved 1114112K
  class space    used 5463K, committed 6080K, reserved 1048576K
}
Event: 31.405 GC heap after
{Heap after GC invocations=32 (full 2):
 PSYoungGen      total 14848K, used 792K [0x00000000d5580000, 0x00000000d6700000, 0x0000000100000000)
  eden space 13824K, 0% used [0x00000000d5580000,0x00000000d5580000,0x00000000d6300000)
  from space 1024K, 77% used [0x00000000d6600000,0x00000000d66c61a8,0x00000000d6700000)
  to   space 1536K, 0% used [0x00000000d6400000,0x00000000d6400000,0x00000000d6580000)
 ParOldGen       total 68608K, used 47331K [0x0000000080000000, 0x0000000084300000, 0x00000000d5580000)
  object space 68608K, 68% used [0x0000000080000000,0x0000000082e38eb8,0x0000000084300000)
 Metaspace       used 50018K, committed 51392K, reserved 1114112K
  class space    used 5463K, committed 6080K, reserved 1048576K
}
Event: 31.996 GC heap before
{Heap before GC invocations=33 (full 2):
 PSYoungGen      total 14848K, used 14571K [0x00000000d5580000, 0x00000000d6700000, 0x0000000100000000)
  eden space 13824K, 99% used [0x00000000d5580000,0x00000000d62f4cb0,0x00000000d6300000)
  from space 1024K, 77% used [0x00000000d6600000,0x00000000d66c61a8,0x00000000d6700000)
  to   space 1536K, 0% used [0x00000000d6400000,0x00000000d6400000,0x00000000d6580000)
 ParOldGen       total 68608K, used 47331K [0x0000000080000000, 0x0000000084300000, 0x00000000d5580000)
  object space 68608K, 68% used [0x0000000080000000,0x0000000082e38eb8,0x0000000084300000)
 Metaspace       used 51516K, committed 52864K, reserved 1114112K
  class space    used 5613K, committed 6208K, reserved 1048576K
}
Event: 31.998 GC heap after
{Heap after GC invocations=33 (full 2):
 PSYoungGen      total 15360K, used 500K [0x00000000d5580000, 0x00000000d6680000, 0x0000000100000000)
  eden space 13824K, 0% used [0x00000000d5580000,0x00000000d5580000,0x00000000d6300000)
  from space 1536K, 32% used [0x00000000d6400000,0x00000000d647d3c8,0x00000000d6580000)
  to   space 1024K, 0% used [0x00000000d6580000,0x00000000d6580000,0x00000000d6680000)
 ParOldGen       total 68608K, used 48032K [0x0000000080000000, 0x0000000084300000, 0x00000000d5580000)
  object space 68608K, 70% used [0x0000000080000000,0x0000000082ee8248,0x0000000084300000)
 Metaspace       used 51516K, committed 52864K, reserved 1114112K
  class space    used 5613K, committed 6208K, reserved 1048576K
}
Event: 32.626 GC heap before
{Heap before GC invocations=34 (full 2):
 PSYoungGen      total 15360K, used 14324K [0x00000000d5580000, 0x00000000d6680000, 0x0000000100000000)
  eden space 13824K, 100% used [0x00000000d5580000,0x00000000d6300000,0x00000000d6300000)
  from space 1536K, 32% used [0x00000000d6400000,0x00000000d647d3c8,0x00000000d6580000)
  to   space 1024K, 0% used [0x00000000d6580000,0x00000000d6580000,0x00000000d6680000)
 ParOldGen       total 68608K, used 48032K [0x0000000080000000, 0x0000000084300000, 0x00000000d5580000)
  object space 68608K, 70% used [0x0000000080000000,0x0000000082ee8248,0x0000000084300000)
 Metaspace       used 52161K, committed 53568K, reserved 1114112K
  class space    used 5688K, committed 6336K, reserved 1048576K
}
Event: 32.627 GC heap after
{Heap after GC invocations=34 (full 2):
 PSYoungGen      total 14336K, used 320K [0x00000000d5580000, 0x00000000d6600000, 0x0000000100000000)
  eden space 13824K, 0% used [0x00000000d5580000,0x00000000d5580000,0x00000000d6300000)
  from space 512K, 62% used [0x00000000d6580000,0x00000000d65d0010,0x00000000d6600000)
  to   space 512K, 0% used [0x00000000d6500000,0x00000000d6500000,0x00000000d6580000)
 ParOldGen       total 68608K, used 48453K [0x0000000080000000, 0x0000000084300000, 0x00000000d5580000)
  object space 68608K, 70% used [0x0000000080000000,0x0000000082f514a8,0x0000000084300000)
 Metaspace       used 52161K, committed 53568K, reserved 1114112K
  class space    used 5688K, committed 6336K, reserved 1048576K
}
Event: 33.044 GC heap before
{Heap before GC invocations=35 (full 2):
 PSYoungGen      total 14336K, used 14058K [0x00000000d5580000, 0x00000000d6600000, 0x0000000100000000)
  eden space 13824K, 99% used [0x00000000d5580000,0x00000000d62eab00,0x00000000d6300000)
  from space 512K, 62% used [0x00000000d6580000,0x00000000d65d0010,0x00000000d6600000)
  to   space 512K, 0% used [0x00000000d6500000,0x00000000d6500000,0x00000000d6580000)
 ParOldGen       total 68608K, used 48453K [0x0000000080000000, 0x0000000084300000, 0x00000000d5580000)
  object space 68608K, 70% used [0x0000000080000000,0x0000000082f514a8,0x0000000084300000)
 Metaspace       used 53371K, committed 54720K, reserved 1114112K
  class space    used 5798K, committed 6400K, reserved 1048576K
}
Event: 33.046 GC heap after
{Heap after GC invocations=35 (full 2):
 PSYoungGen      total 14336K, used 480K [0x00000000d5580000, 0x00000000d6600000, 0x0000000100000000)
  eden space 13824K, 0% used [0x00000000d5580000,0x00000000d5580000,0x00000000d6300000)
  from space 512K, 93% used [0x00000000d6500000,0x00000000d6578180,0x00000000d6580000)
  to   space 512K, 0% used [0x00000000d6580000,0x00000000d6580000,0x00000000d6600000)
 ParOldGen       total 68608K, used 49021K [0x0000000080000000, 0x0000000084300000, 0x00000000d5580000)
  object space 68608K, 71% used [0x0000000080000000,0x0000000082fdf628,0x0000000084300000)
 Metaspace       used 53371K, committed 54720K, reserved 1114112K
  class space    used 5798K, committed 6400K, reserved 1048576K
}

