# JRE version: Java(TM) SE Runtime Environment (17.0.12+8) (build 17.0.12+8-LTS-286)
# Java VM: Java HotSpot(TM) 64-Bit Server VM (17.0.12+8-LTS-286, mixed mode, sharing, tiered, compressed oops, compressed class ptrs, g1 gc, windows-amd64)
GC Precious Log:
 CPUs: 4 total, 4 available
 Memory: 8068M
 Large Page Support: Disabled
 NUMA Support: Disabled
 Compressed Oops: Enabled (32-bit)
 Heap Region Size: 1M
 Heap Min Capacity: 8M
 Heap Initial Capacity: 128M
 Heap Max Capacity: 2018M
 Pre-touch: Disabled
 Parallel Workers: 4
 Concurrent Workers: 1
 Concurrent Refinement Workers: 4
 Periodic GC: Disabled
Heap:
 garbage-first heap   total 61440K, used 41859K [0x0000000081e00000, 0x0000000100000000)
  region size 1024K, 19 young (19456K), 2 survivors (2048K)
 Metaspace       used 34940K, committed 35392K, reserved 1114112K
  class space    used 4419K, committed 4672K, reserved 1048576K
GC Heap History (20 events):
Event: 1.309 GC heap before
{Heap before GC invocations=0 (full 0):
 garbage-first heap   total 131072K, used 14336K [0x0000000081e00000, 0x0000000100000000)
  region size 1024K, 13 young (13312K), 0 survivors (0K)
 Metaspace       used 4806K, committed 4992K, reserved 1114112K
  class space    used 528K, committed 640K, reserved 1048576K
}
Event: 1.318 GC heap after
{Heap after GC invocations=1 (full 0):
 garbage-first heap   total 131072K, used 7447K [0x0000000081e00000, 0x0000000100000000)
  region size 1024K, 2 young (2048K), 2 survivors (2048K)
 Metaspace       used 4806K, committed 4992K, reserved 1114112K
  class space    used 528K, committed 640K, reserved 1048576K
}
Event: 1.684 GC heap before
{Heap before GC invocations=1 (full 0):
 garbage-first heap   total 131072K, used 15639K [0x0000000081e00000, 0x0000000100000000)
  region size 1024K, 9 young (9216K), 2 survivors (2048K)
 Metaspace       used 6630K, committed 6848K, reserved 1114112K
  class space    used 743K, committed 832K, reserved 1048576K
}
Event: 1.689 GC heap after
{Heap after GC invocations=2 (full 0):
 garbage-first heap   total 131072K, used 9578K [0x0000000081e00000, 0x0000000100000000)
  region size 1024K, 1 young (1024K), 1 survivors (1024K)
 Metaspace       used 6630K, committed 6848K, reserved 1114112K
  class space    used 743K, committed 832K, reserved 1048576K
}
Event: 2.624 GC heap before
{Heap before GC invocations=2 (full 0):
 garbage-first heap   total 131072K, used 34154K [0x0000000081e00000, 0x0000000100000000)
  region size 1024K, 22 young (22528K), 1 survivors (1024K)
 Metaspace       used 10647K, committed 10880K, reserved 1114112K
  class space    used 1233K, committed 1344K, reserved 1048576K
}
Event: 2.631 GC heap after
{Heap after GC invocations=3 (full 0):
 garbage-first heap   total 131072K, used 12476K [0x0000000081e00000, 0x0000000100000000)
  region size 1024K, 3 young (3072K), 3 survivors (3072K)
 Metaspace       used 10647K, committed 10880K, reserved 1114112K
  class space    used 1233K, committed 1344K, reserved 1048576K
}
Event: 4.892 GC heap before
{Heap before GC invocations=3 (full 0):
 garbage-first heap   total 131072K, used 40124K [0x0000000081e00000, 0x0000000100000000)
  region size 1024K, 31 young (31744K), 3 survivors (3072K)
 Metaspace       used 17259K, committed 17600K, reserved 1114112K
  class space    used 2098K, committed 2240K, reserved 1048576K
}
Event: 4.898 GC heap after
{Heap after GC invocations=4 (full 0):
 garbage-first heap   total 131072K, used 15001K [0x0000000081e00000, 0x0000000100000000)
  region size 1024K, 3 young (3072K), 3 survivors (3072K)
 Metaspace       used 17259K, committed 17600K, reserved 1114112K
  class space    used 2098K, committed 2240K, reserved 1048576K
}
Event: 5.315 GC heap before
{Heap before GC invocations=4 (full 0):
 garbage-first heap   total 131072K, used 32409K [0x0000000081e00000, 0x0000000100000000)
  region size 1024K, 21 young (21504K), 3 survivors (3072K)
 Metaspace       used 21158K, committed 21504K, reserved 1114112K
  class space    used 2641K, committed 2816K, reserved 1048576K
}
Event: 5.320 GC heap after
{Heap after GC invocations=5 (full 0):
 garbage-first heap   total 131072K, used 16117K [0x0000000081e00000, 0x0000000100000000)
  region size 1024K, 4 young (4096K), 4 survivors (4096K)
 Metaspace       used 21158K, committed 21504K, reserved 1114112K
  class space    used 2641K, committed 2816K, reserved 1048576K
}
Event: 6.835 GC heap before
{Heap before GC invocations=6 (full 0):
 garbage-first heap   total 61440K, used 46837K [0x0000000081e00000, 0x0000000100000000)
  region size 1024K, 36 young (36864K), 4 survivors (4096K)
 Metaspace       used 24710K, committed 25088K, reserved 1114112K
  class space    used 3034K, committed 3200K, reserved 1048576K
}
Event: 6.845 GC heap after
{Heap after GC invocations=7 (full 0):
 garbage-first heap   total 61440K, used 19593K [0x0000000081e00000, 0x0000000100000000)
  region size 1024K, 5 young (5120K), 5 survivors (5120K)
 Metaspace       used 24710K, committed 25088K, reserved 1114112K
  class space    used 3034K, committed 3200K, reserved 1048576K
}
Event: 6.894 GC heap before
{Heap before GC invocations=7 (full 0):
 garbage-first heap   total 61440K, used 20617K [0x0000000081e00000, 0x0000000100000000)
  region size 1024K, 6 young (6144K), 5 survivors (5120K)
 Metaspace       used 24741K, committed 25088K, reserved 1114112K
  class space    used 3038K, committed 3200K, reserved 1048576K
}
Event: 6.904 GC heap after
{Heap after GC invocations=8 (full 0):
 garbage-first heap   total 61440K, used 20310K [0x0000000081e00000, 0x0000000100000000)
  region size 1024K, 1 young (1024K), 1 survivors (1024K)
 Metaspace       used 24741K, committed 25088K, reserved 1114112K
  class space    used 3038K, committed 3200K, reserved 1048576K
}
Event: 7.759 GC heap before
{Heap before GC invocations=8 (full 0):
 garbage-first heap   total 61440K, used 42838K [0x0000000081e00000, 0x0000000100000000)
  region size 1024K, 23 young (23552K), 1 survivors (1024K)
 Metaspace       used 27129K, committed 27520K, reserved 1114112K
  class space    used 3369K, committed 3584K, reserved 1048576K
}
Event: 7.768 GC heap after
{Heap after GC invocations=9 (full 0):
 garbage-first heap   total 61440K, used 21450K [0x0000000081e00000, 0x0000000100000000)
  region size 1024K, 2 young (2048K), 2 survivors (2048K)
 Metaspace       used 27129K, committed 27520K, reserved 1114112K
  class space    used 3369K, committed 3584K, reserved 1048576K
}
Event: 9.296 GC heap before
{Heap before GC invocations=9 (full 0):
 garbage-first heap   total 61440K, used 43978K [0x0000000081e00000, 0x0000000100000000)
  region size 1024K, 24 young (24576K), 2 survivors (2048K)
 Metaspace       used 30403K, committed 30848K, reserved 1114112K
  class space    used 3853K, committed 4096K, reserved 1048576K
}
Event: 9.306 GC heap after
{Heap after GC invocations=10 (full 0):
 garbage-first heap   total 61440K, used 23555K [0x0000000081e00000, 0x0000000100000000)
  region size 1024K, 3 young (3072K), 3 survivors (3072K)
 Metaspace       used 30403K, committed 30848K, reserved 1114112K
  class space    used 3853K, committed 4096K, reserved 1048576K
}
Event: 10.786 GC heap before
{Heap before GC invocations=10 (full 0):
 garbage-first heap   total 61440K, used 46083K [0x0000000081e00000, 0x0000000100000000)
  region size 1024K, 24 young (24576K), 3 survivors (3072K)
 Metaspace       used 34209K, committed 34688K, reserved 1114112K
  class space    used 4308K, committed 4544K, reserved 1048576K
}
Event: 10.798 GC heap after
{Heap after GC invocations=11 (full 0):
 garbage-first heap   total 61440K, used 25475K [0x0000000081e00000, 0x0000000100000000)
  region size 1024K, 2 young (2048K), 2 survivors (2048K)
 Metaspace       used 34209K, committed 34688K, reserved 1114112K
  class space    used 4308K, committed 4544K, reserved 1048576K
}

